INFO:     Started server process [99957]
INFO:     Waiting for application startup.
2026-04-17 20:04:13 [INFO] rl_optimizer: Starting RL Optimizer service...
2026-04-17 20:04:13 [INFO] rl_optimizer.q_store: Loaded Q-table with 1 states from /home/kishan-singh/workspace/ongoing-projects :>/Postgre-SQL-Clone/optimizer/q_table.json
2026-04-17 20:04:13 [INFO] rl_optimizer.experience_store: Experience store opened at /home/kishan-singh/workspace/ongoing-projects :>/Postgre-SQL-Clone/optimizer/experiences.db
2026-04-17 20:04:13 [INFO] rl_optimizer.q_store: Periodic save started (every 30s)
2026-04-17 20:04:13 [INFO] rl_optimizer.grpc: QueryOptimizerServicer initialized
2026-04-17 20:04:13 [INFO] rl_optimizer.grpc: gRPC server started on port 50051
2026-04-17 20:04:13 [INFO] rl_optimizer: gRPC server started on port 50051
2026-04-17 20:04:13 [INFO] rl_optimizer: RL Optimizer ready — Q-table: 1 states, Experiences: 1
2026-04-17 20:04:13 [INFO] rl_optimizer: Endpoints: HTTP=8000, gRPC=50051
INFO:     Application startup complete.
ERROR:    [Errno 98] error while attempting to bind on address ('0.0.0.0', 8000): address already in use
INFO:     Waiting for application shutdown.
2026-04-17 20:04:13 [INFO] rl_optimizer: Shutting down RL Optimizer...
2026-04-17 20:04:13 [INFO] rl_optimizer: gRPC server stopped.
2026-04-17 20:04:13 [INFO] rl_optimizer.q_store: Q-store shut down, final save complete
2026-04-17 20:04:13 [INFO] rl_opti2026-04-17 20:04:13 [INFO] rl_optimizer.q_store: Periodic save started (every 30s)
2026-04-17 20:04:43 [INFO] rl_optimizer.q_store: Periodic save started (every 30s)
2026-04-17 20:05:13 [INFO] rl_optimizer.q_store: Periodic save started (every 30s)
2026-04-17 20:05:43 [INFO] rl_optimizer.q_store: Periodic save started (every 30s)
2026-04-17 20:06:13 [INFO] rl_optimizer.q_store: Periodic save started (every 30s)
2026-04-17 20:06:43 [INFO] rl_optimizer.q_store: Periodic save started (every 30s)
2026-04-17 20:07:13 [INFO] rl_optimizer.q_store: Periodic save started (every 30s)
2026-04-17 20:07:43 [INFO] rl_optimizer.q_store: Periodic save started (every 30s)
2026-04-17 20:08:13 [INFO] rl_optimizer.q_store: Periodic save started (every 30s)
2026-04-17 20:08:43 [INFO] rl_optimizer.q_store: Periodic save started (every 30s)
2026-04-17 20:09:13 [INFO] rl_optimizer.q_store: Periodic save started (every 30s)
2026-04-17 20:09:43 [INFO] rl_optimizer.q_store: Periodic save started (every 30s)
2026-04-17 20:26:48 [INFO] rl_optimizer.q_store: Periodic save started (every 30s)
2026-04-17 20:27:18 [INFO] rl_optimizer.q_store: Periodic save started (every 30s)
2026-04-17 20:27:48 [INFO] rl_optimizer.q_store: Periodic save started (every 30s)
2026-04-17 20:28:18 [INFO] rl_optimizer.q_store: Periodic save started (every 30s)
2026-04-17 20:28:48 [INFO] rl_optimizer.q_store: Periodic save started (every 30s)
2026-04-17 20:29:18 [INFO] rl_optimizer.q_store: Periodic save started (every 30s)
2026-04-17 20:29:48 [INFO] rl_optimizer.q_store: Periodic save started (every 30s)
2026-04-17 20:30:18 [INFO] rl_optimizer.q_store: Periodic save started (every 30s)
2026-04-17 20:30:48 [INFO] rl_optimizer.q_store: Periodic save started (every 30s)
2026-04-17 20:31:18 [INFO] rl_optimizer.q_store: Periodic save started (every 30s)
2026-04-17 20:31:48 [INFO] rl_optimizer.q_store: Periodic save started (every 30s)
2026-04-17 20:32:18 [INFO] rl_optimizer.q_store: Periodic save started (every 30s)
2026-04-17 20:32:48 [INFO] rl_optimizer.q_store: Periodic save started (every 30s)
2026-04-17 20:33:18 [INFO] rl_optimizer.q_store: Periodic save started (every 30s)
2026-04-17 20:33:48 [INFO] rl_optimizer.q_store: Periodic save started (every 30s)
2026-04-17 20:34:18 [INFO] rl_optimizer.q_store: Periodic save started (every 30s)
2026-04-17 20:34:48 [INFO] rl_optimizer.q_store: Periodic save started (every 30s)
2026-04-17 20:35:18 [INFO] rl_optimizer.q_store: Periodic save started (every 30s)
2026-04-17 20:35:48 [INFO] rl_optimizer.q_store: Periodic save started (every 30s)
2026-04-17 20:36:18 [INFO] rl_optimizer.q_store: Periodic save started (every 30s)
2026-04-17 20:36:48 [INFO] rl_optimizer.q_store: Periodic save started (every 30s)
2026-04-17 20:37:18 [INFO] rl_optimizer.q_store: Periodic save started (every 30s)
2026-04-17 20:37:48 [INFO] rl_optimizer.q_store: Periodic save started (every 30s)
2026-04-17 20:38:18 [INFO] rl_optimizer.q_store: Periodic save started (every 30s)
2026-04-17 20:38:48 [INFO] rl_optimizer.q_store: Periodic save started (every 30s)
2026-04-17 20:39:18 [INFO] rl_optimizer.q_store: Periodic save started (every 30s)
2026-04-17 20:39:48 [INFO] rl_optimizer.q_store: Periodic save started (every 30s)
2026-04-17 20:40:18 [INFO] rl_optimizer.q_store: Periodic save started (every 30s)
2026-04-17 20:40:48 [INFO] rl_optimizer.q_store: Periodic save started (every 30s)
2026-04-17 20:41:18 [INFO] rl_optimizer.q_store: Periodic save started (every 30s)
2026-04-17 20:41:48 [INFO] rl_optimizer.q_store: Periodic save started (every 30s)
2026-04-17 20:42:18 [INFO] rl_optimizer.q_store: Periodic save started (every 30s)
2026-04-17 20:42:48 [INFO] rl_optimizer.q_store: Periodic save started (every 30s)
2026-04-17 20:43:18 [INFO] rl_optimizer.q_store: Periodic save started (every 30s)
2026-04-17 20:43:48 [INFO] rl_optimizer.q_store: Periodic save started (every 30s)
2026-04-17 20:44:18 [INFO] rl_optimizer.q_store: Periodic save started (every 30s)
2026-04-17 20:44:48 [INFO] rl_optimizer.q_store: Periodic save started (every 30s)
2026-04-17 20:45:18 [INFO] rl_optimizer.q_store: Periodic save started (every 30s)
2026-04-17 20:45:48 [INFO] rl_optimizer.q_store: Periodic save started (every 30s)
2026-04-17 20:46:18 [INFO] rl_optimizer.q_store: Periodic save started (every 30s)
2026-04-17 20:46:48 [INFO] rl_optimizer.q_store: Periodic save started (every 30s)
2026-04-17 20:47:18 [INFO] rl_optimizer.q_store: Periodic save started (every 30s)
2026-04-17 20:47:48 [INFO] rl_optimizer.q_store: Periodic save started (every 30s)
2026-04-17 20:48:18 [INFO] rl_optimizer.q_store: Periodic save started (every 30s)
2026-04-17 20:48:48 [INFO] rl_optimizer.q_store: Periodic save started (every 30s)
2026-04-17 20:49:18 [INFO] rl_optimizer.q_store: Periodic save started (every 30s)
2026-04-17 20:49:48 [INFO] rl_optimizer.q_store: Periodic save started (every 30s)
2026-04-17 20:50:18 [INFO] rl_optimizer.q_store: Periodic save started (every 30s)
2026-04-17 20:50:48 [INFO] rl_optimizer.q_store: Periodic save started (every 30s)
2026-04-17 20:51:18 [INFO] rl_optimizer.q_store: Periodic save started (every 30s)
2026-04-17 20:51:48 [INFO] rl_optimizer.q_store: Periodic save started (every 30s)
2026-04-17 20:52:18 [INFO] rl_optimizer.q_store: Periodic save started (every 30s)
2026-04-17 20:52:48 [INFO] rl_optimizer.q_store: Periodic save started (every 30s)
2026-04-17 20:53:18 [INFO] rl_optimizer.q_store: Periodic save started (every 30s)
2026-04-17 20:53:48 [INFO] rl_optimizer.q_store: Periodic save started (every 30s)
2026-04-17 20:54:18 [INFO] rl_optimizer.q_store: Periodic save started (every 30s)
2026-04-17 20:54:48 [INFO] rl_optimizer.q_store: Periodic save started (every 30s)
2026-04-17 20:55:18 [INFO] rl_optimizer.q_store: Periodic save started (every 30s)
2026-04-17 20:55:48 [INFO] rl_optimizer.q_store: Periodic save started (every 30s)
2026-04-17 20:56:18 [INFO] rl_optimizer.q_store: Periodic save started (every 30s)
2026-04-17 20:56:48 [INFO] rl_optimizer.q_store: Periodic save started (every 30s)
2026-04-17 20:57:18 [INFO] rl_optimizer.q_store: Periodic save started (every 30s)
2026-04-17 20:57:48 [INFO] rl_optimizer.q_store: Periodic save started (every 30s)
2026-04-17 20:58:18 [INFO] rl_optimizer.q_store: Periodic save started (every 30s)
2026-04-17 20:58:48 [INFO] rl_optimizer.q_store: Periodic save started (every 30s)
2026-04-17 20:59:18 [INFO] rl_optimizer.q_store: Periodic save started (every 30s)
2026-04-17 20:59:48 [INFO] rl_optimizer.q_store: Periodic save started (every 30s)
2026-04-17 21:00:18 [INFO] rl_optimizer.q_store: Periodic save started (every 30s)
2026-04-17 21:00:48 [INFO] rl_optimizer.q_store: Periodic save started (every 30s)
2026-04-17 21:01:18 [INFO] rl_optimizer.q_store: Periodic save started (every 30s)
2026-04-17 21:01:48 [INFO] rl_optimizer.q_store: Periodic save started (every 30s)
2026-04-17 21:02:18 [INFO] rl_optimizer.q_store: Periodic save started (every 30s)
2026-04-17 21:02:48 [INFO] rl_optimizer.q_store: Periodic save started (every 30s)
2026-04-17 21:03:18 [INFO] rl_optimizer.q_store: Periodic save started (every 30s)
2026-04-17 21:03:48 [INFO] rl_optimizer.q_store: Periodic save started (every 30s)
2026-04-17 21:04:18 [INFO] rl_optimizer.q_store: Periodic save started (every 30s)
2026-04-17 21:04:48 [INFO] rl_optimizer.q_store: Periodic save started (every 30s)
2026-04-17 21:05:18 [INFO] rl_optimizer.q_store: Periodic save started (every 30s)
2026-04-17 21:05:48 [INFO] rl_optimizer.q_store: Periodic save started (every 30s)
2026-04-17 21:06:18 [INFO] rl_optimizer.q_store: Periodic save started (every 30s)
2026-04-17 21:06:48 [INFO] rl_optimizer.q_store: Periodic save started (every 30s)
2026-04-17 21:07:18 [INFO] rl_optimizer.q_store: Periodic save started (every 30s)
2026-04-17 21:07:48 [INFO] rl_optimizer.q_store: Periodic save started (every 30s)
2026-04-17 21:08:18 [INFO] rl_optimizer.q_store: Periodic save started (every 30s)
2026-04-17 21:08:48 [INFO] rl_optimizer.q_store: Periodic save started (every 30s)
2026-04-17 21:09:18 [INFO] rl_optimizer.q_store: Periodic save started (every 30s)
2026-04-17 21:09:48 [INFO] rl_optimizer.q_store: Periodic save started (every 30s)
2026-04-17 21:10:18 [INFO] rl_optimizer.q_store: Periodic save started (every 30s)
2026-04-17 21:10:48 [INFO] rl_optimizer.q_store: Periodic save started (every 30s)
2026-04-17 21:11:18 [INFO] rl_optimizer.q_store: Periodic save started (every 30s)
2026-04-17 21:11:48 [INFO] rl_optimizer.q_store: Periodic save started (every 30s)
2026-04-17 21:12:18 [INFO] rl_optimizer.q_store: Periodic save started (every 30s)
2026-04-17 21:12:48 [INFO] rl_optimizer.q_store: Periodic save started (every 30s)
2026-04-17 21:13:18 [INFO] rl_optimizer.q_store: Periodic save started (every 30s)
2026-04-17 21:13:48 [INFO] rl_optimizer.q_store: Periodic save started (every 30s)
2026-04-17 21:14:18 [INFO] rl_optimizer.q_store: Periodic save started (every 30s)
2026-04-17 21:14:48 [INFO] rl_optimizer.q_store: Periodic save started (every 30s)
2026-04-17 21:15:18 [INFO] rl_optimizer.q_store: Periodic save started (every 30s)
2026-04-17 21:15:48 [INFO] rl_optimizer.q_store: Periodic save started (every 30s)
2026-04-17 21:16:18 [INFO] rl_optimizer.q_store: Periodic save started (every 30s)
2026-04-17 21:16:48 [INFO] rl_optimizer.q_store: Periodic save started (every 30s)
2026-04-17 21:17:18 [INFO] rl_optimizer.q_store: Periodic save started (every 30s)
2026-04-17 21:17:48 [INFO] rl_optimizer.q_store: Periodic save started (every 30s)
2026-04-17 21:18:18 [INFO] rl_optimizer.q_store: Periodic save started (every 30s)
2026-04-17 21:18:48 [INFO] rl_optimizer.q_store: Periodic save started (every 30s)
2026-04-17 21:19:18 [INFO] rl_optimizer.q_store: Periodic save started (every 30s)
2026-04-17 21:19:48 [INFO] rl_optimizer.q_store: Periodic save started (every 30s)
2026-04-17 21:20:18 [INFO] rl_optimizer.q_store: Periodic save started (every 30s)
2026-04-17 21:20:48 [INFO] rl_optimizer.q_store: Periodic save started (every 30s)
2026-04-17 21:21:18 [INFO] rl_optimizer.q_store: Periodic save started (every 30s)
2026-04-17 21:21:48 [INFO] rl_optimizer.q_store: Periodic save started (every 30s)
2026-04-17 21:22:18 [INFO] rl_optimizer.q_store: Periodic save started (every 30s)
2026-04-17 21:22:48 [INFO] rl_optimizer.q_store: Periodic save started (every 30s)
2026-04-17 21:23:18 [INFO] rl_optimizer.q_store: Periodic save started (every 30s)
2026-04-17 21:23:48 [INFO] rl_optimizer.q_store: Periodic save started (every 30s)
2026-04-17 21:24:18 [INFO] rl_optimizer.q_store: Periodic save started (every 30s)
2026-04-17 21:24:48 [INFO] rl_optimizer.q_store: Periodic save started (every 30s)
2026-04-17 21:25:18 [INFO] rl_optimizer.q_store: Periodic save started (every 30s)
2026-04-17 21:25:48 [INFO] rl_optimizer.q_store: Periodic save started (every 30s)
2026-04-17 21:26:18 [INFO] rl_optimizer.q_store: Periodic save started (every 30s)
2026-04-17 21:26:48 [INFO] rl_optimizer.q_store: Periodic save started (every 30s)
2026-04-17 21:27:18 [INFO] rl_optimizer.q_store: Periodic save started (every 30s)
2026-04-17 21:27:48 [INFO] rl_optimizer.q_store: Periodic save started (every 30s)
2026-04-17 21:28:18 [INFO] rl_optimizer.q_store: Periodic save started (every 30s)
2026-04-17 21:28:48 [INFO] rl_optimizer.q_store: Periodic save started (every 30s)
2026-04-17 21:29:18 [INFO] rl_optimizer.q_store: Periodic save started (every 30s)
2026-04-17 21:29:48 [INFO] rl_optimizer.q_store: Periodic save started (every 30s)
2026-04-17 21:30:18 [INFO] rl_optimizer.q_store: Periodic save started (every 30s)
2026-04-17 21:30:48 [INFO] rl_optimizer.q_store: Periodic save started (every 30s)
2026-04-17 21:31:18 [INFO] rl_optimizer.q_store: Periodic save started (every 30s)
2026-04-17 21:31:48 [INFO] rl_optimizer.q_store: Periodic save started (every 30s)
2026-04-17 21:32:18 [INFO] rl_optimizer.q_store: Periodic save started (every 30s)
2026-04-17 21:32:48 [INFO] rl_optimizer.q_store: Periodic save started (every 30s)
2026-04-17 21:33:18 [INFO] rl_optimizer.q_store: Periodic save started (every 30s)
2026-04-17 21:33:48 [INFO] rl_optimizer.q_store: Periodic save started (every 30s)
2026-04-17 21:34:18 [INFO] rl_optimizer.q_store: Periodic save started (every 30s)
2026-04-17 21:34:48 [INFO] rl_optimizer.q_store: Periodic save started (every 30s)
2026-04-17 21:35:18 [INFO] rl_optimizer.q_store: Periodic save started (every 30s)
2026-04-17 21:35:48 [INFO] rl_optimizer.q_store: Periodic save started (every 30s)
2026-04-17 21:36:18 [INFO] rl_optimizer.q_store: Periodic save started (every 30s)
2026-04-17 21:36:48 [INFO] rl_optimizer.q_store: Periodic save started (every 30s)
2026-04-17 21:37:18 [INFO] rl_optimizer.q_store: Periodic save started (every 30s)
2026-04-17 21:37:48 [INFO] rl_optimizer.q_store: Periodic save started (every 30s)
2026-04-17 21:38:18 [INFO] rl_optimizer.q_store: Periodic save started (every 30s)
2026-04-17 21:38:48 [INFO] rl_optimizer.q_store: Periodic save started (every 30s)
2026-04-17 21:39:18 [INFO] rl_optimizer.q_store: Periodic save started (every 30s)
2026-04-17 21:39:48 [INFO] rl_optimizer.q_store: Periodic save started (every 30s)
2026-04-17 21:40:18 [INFO] rl_optimizer.q_store: Periodic save started (every 30s)
INFO:     127.0.0.1:48050 - "GET /health HTTP/1.1" 200 OK
INFO:     127.0.0.1:48062 - "GET /health HTTP/1.1" 200 OK
INFO:     None:0 - "GET /health HTTP/1.1" 200 OK
2026-04-17 21:40:48 [INFO] rl_optimizer.q_store: Periodic save started (every 30s)
INFO:     127.0.0.1:50088 - "GET /health HTTP/1.1" 200 OK
INFO:     127.0.0.1:50096 - "GET /health HTTP/1.1" 200 OK
INFO:     None:0 - "GET /health HTTP/1.1" 200 OK
2026-04-17 21:41:18 [INFO] rl_optimizer.q_store: Periodic save started (every 30s)
INFO:     127.0.0.1:58762 - "GET /health HTTP/1.1" 200 OK
INFO:     127.0.0.1:58776 - "GET /health HTTP/1.1" 200 OK
INFO:     None:0 - "GET /health HTTP/1.1" 200 OK
2026-04-17 21:41:48 [INFO] rl_optimizer.q_store: Periodic save started (every 30s)
2026-04-17 21:42:18 [INFO] rl_optimizer.q_store: Periodic save started (every 30s)
2026-04-17 21:42:48 [INFO] rl_optimizer.q_store: Periodic save started (every 30s)
2026-04-17 21:43:18 [INFO] rl_optimizer.q_store: Periodic save started (every 30s)
2026-04-17 21:43:48 [INFO] rl_optimizer.q_store: Periodic save started (every 30s)
2026-04-17 21:44:18 [INFO] rl_optimizer.q_store: Periodic save started (every 30s)
2026-04-17 21:44:48 [INFO] rl_optimizer.q_store: Periodic save started (every 30s)
2026-04-17 21:45:18 [INFO] rl_optimizer.q_store: Periodic save started (every 30s)
2026-04-17 21:45:48 [INFO] rl_optimizer.q_store: Periodic save started (every 30s)
2026-04-17 21:46:18 [INFO] rl_optimizer.q_store: Periodic save started (every 30s)
2026-04-17 21:46:48 [INFO] rl_optimizer.q_store: Periodic save started (every 30s)
2026-04-17 21:47:18 [INFO] rl_optimizer.q_store: Periodic save started (every 30s)
2026-04-17 21:47:48 [INFO] rl_optimizer.q_store: Periodic save started (every 30s)
2026-04-17 21:48:18 [INFO] rl_optimizer.q_store: Periodic save started (every 30s)
INFO:     127.0.0.1:34680 - "GET /health HTTP/1.1" 200 OK
INFO:     127.0.0.1:34688 - "GET /health HTTP/1.1" 200 OK
INFO:     None:0 - "GET /health HTTP/1.1" 200 OK
2026-04-17 21:48:48 [INFO] rl_optimizer.q_store: Periodic save started (every 30s)
2026-04-17 21:49:18 [INFO] rl_optimizer.q_store: Periodic save started (every 30s)
2026-04-17 21:49:48 [INFO] rl_optimizer.q_store: Periodic save started (every 30s)
2026-04-17 21:50:18 [INFO] rl_optimizer.q_store: Periodic save started (every 30s)
2026-04-17 21:50:48 [INFO] rl_optimizer.q_store: Periodic save started (every 30s)
INFO:     127.0.0.1:58856 - "GET /health HTTP/1.1" 200 OK
2026-04-17 21:51:18 [INFO] rl_optimizer.q_store: Periodic save started (every 30s)
2026-04-17 21:51:48 [INFO] rl_optimizer.q_store: Periodic save started (every 30s)
INFO:     127.0.0.1:59172 - "GET /health HTTP/1.1" 200 OK
INFO:     127.0.0.1:35810 - "GET /health HTTP/1.1" 200 OK
2026-04-17 21:52:18 [INFO] rl_optimizer.q_store: Periodic save started (every 30s)
2026-04-17 21:52:48 [INFO] rl_optimizer.q_store: Periodic save started (every 30s)
2026-04-17 21:53:18 [INFO] rl_optimizer.q_store: Periodic save started (every 30s)
2026-04-17 21:53:48 [INFO] rl_optimizer.q_store: Periodic save started (every 30s)
2026-04-17 21:54:18 [INFO] rl_optimizer.q_store: Periodic save started (every 30s)
INFO:     127.0.0.1:35614 - "GET /health HTTP/1.1" 200 OK
2026-04-17 21:54:48 [INFO] rl_optimizer.q_store: Periodic save started (every 30s)
2026-04-17 21:55:18 [INFO] rl_optimizer.q_store: Periodic save started (every 30s)
2026-04-17 21:55:48 [INFO] rl_optimizer.q_store: Periodic save started (every 30s)
2026-04-17 21:56:18 [INFO] rl_optimizer.q_store: Periodic save started (every 30s)
2026-04-17 21:56:48 [INFO] rl_optimizer.q_store: Periodic save started (every 30s)
2026-04-17 21:57:18 [INFO] rl_optimizer.q_store: Periodic save started (every 30s)
2026-04-17 21:57:48 [INFO] rl_optimizer.q_store: Periodic save started (every 30s)
2026-04-17 21:58:18 [INFO] rl_optimizer.q_store: Periodic save started (every 30s)
2026-04-17 21:58:48 [INFO] rl_optimizer.q_store: Periodic save started (every 30s)
2026-04-17 21:59:18 [INFO] rl_optimizer.q_store: Periodic save started (every 30s)
2026-04-17 21:59:48 [INFO] rl_optimizer.q_store: Periodic save started (every 30s)
2026-04-17 22:00:18 [INFO] rl_optimizer.q_store: Periodic save started (every 30s)
2026-04-17 22:00:48 [INFO] rl_optimizer.q_store: Periodic save started (every 30s)
2026-04-17 22:01:18 [INFO] rl_optimizer.q_store: Periodic save started (every 30s)
2026-04-17 22:01:48 [INFO] rl_optimizer.q_store: Periodic save started (every 30s)
2026-04-17 22:02:18 [INFO] rl_optimizer.q_store: Periodic save started (every 30s)
2026-04-17 22:02:48 [INFO] rl_optimizer.q_store: Periodic save started (every 30s)
2026-04-17 22:03:18 [INFO] rl_optimizer.q_store: Periodic save started (every 30s)
2026-04-17 22:03:48 [INFO] rl_optimizer.q_store: Periodic save started (every 30s)
2026-04-17 22:04:18 [INFO] rl_optimizer.q_store: Periodic save started (every 30s)
2026-04-17 22:04:48 [INFO] rl_optimizer.q_store: Periodic save started (every 30s)
2026-04-17 22:05:18 [INFO] rl_optimizer.q_store: Periodic save started (every 30s)
2026-04-17 22:05:48 [INFO] rl_optimizer.q_store: Periodic save started (every 30s)
INFO:     127.0.0.1:33792 - "GET /health HTTP/1.1" 200 OK
2026-04-17 22:06:18 [INFO] rl_optimizer.q_store: Periodic save started (every 30s)
2026-04-17 22:06:48 [INFO] rl_optimizer.q_store: Periodic save started (every 30s)
2026-04-17 22:07:18 [INFO] rl_optimizer.q_store: Periodic save started (every 30s)
2026-04-17 22:07:48 [INFO] rl_optimizer.q_store: Periodic save started (every 30s)
2026-04-17 22:08:18 [INFO] rl_optimizer.q_store: Periodic save started (every 30s)
2026-04-17 22:08:48 [INFO] rl_optimizer.q_store: Periodic save started (every 30s)
2026-04-17 22:09:18 [INFO] rl_optimizer.q_store: Periodic save started (every 30s)
2026-04-17 22:09:48 [INFO] rl_optimizer.q_store: Periodic save started (every 30s)
2026-04-17 22:10:18 [INFO] rl_optimizer.q_store: Periodic save started (every 30s)
2026-04-17 22:10:48 [INFO] rl_optimizer.q_store: Periodic save started (every 30s)
2026-04-17 22:11:18 [INFO] rl_optimizer.q_store: Periodic save started (every 30s)
2026-04-17 22:11:48 [INFO] rl_optimizer.q_store: Periodic save started (every 30s)
2026-04-17 22:12:18 [INFO] rl_optimizer.q_store: Periodic save started (every 30s)
2026-04-17 22:12:48 [INFO] rl_optimizer.q_store: Periodic save started (every 30s)
2026-04-17 22:13:18 [INFO] rl_optimizer.q_store: Periodic save started (every 30s)
2026-04-17 22:13:48 [INFO] rl_optimizer.q_store: Periodic save started (every 30s)
2026-04-17 22:14:18 [INFO] rl_optimizer.q_store: Periodic save started (every 30s)
INFO:     127.0.0.1:42668 - "GET /health HTTP/1.1" 200 OK
2026-04-17 22:14:48 [INFO] rl_optimizer.q_store: Periodic save started (every 30s)
2026-04-17 22:15:18 [INFO] rl_optimizer.q_store: Periodic save started (every 30s)
2026-04-17 22:15:48 [INFO] rl_optimizer.q_store: Periodic save started (every 30s)
2026-04-17 22:16:18 [INFO] rl_optimizer.q_store: Periodic save started (every 30s)
2026-04-17 22:16:48 [INFO] rl_optimizer.q_store: Periodic save started (every 30s)
INFO:     127.0.0.1:45682 - "GET /health HTTP/1.1" 200 OK
2026-04-17 22:17:18 [INFO] rl_optimizer.q_store: Periodic save started (every 30s)
2026-04-17 22:17:48 [INFO] rl_optimizer.q_store: Periodic save started (every 30s)
2026-04-17 22:18:18 [INFO] rl_optimizer.q_store: Periodic save started (every 30s)
2026-04-17 22:18:48 [INFO] rl_optimizer.q_store: Periodic save started (every 30s)
2026-04-17 22:19:18 [INFO] rl_optimizer.q_store: Periodic save started (every 30s)
2026-04-17 22:19:48 [INFO] rl_optimizer.q_store: Periodic save started (every 30s)
2026-04-17 22:20:18 [INFO] rl_optimizer.q_store: Periodic save started (every 30s)
2026-04-17 22:20:48 [INFO] rl_optimizer.q_store: Periodic save started (every 30s)
2026-04-17 22:21:18 [INFO] rl_optimizer.q_store: Periodic save started (every 30s)
2026-04-17 22:21:48 [INFO] rl_optimizer.q_store: Periodic save started (every 30s)
2026-04-17 22:22:18 [INFO] rl_optimizer.q_store: Periodic save started (every 30s)
2026-04-17 22:22:48 [INFO] rl_optimizer.q_store: Periodic save started (every 30s)
2026-04-17 22:23:18 [INFO] rl_optimizer.q_store: Periodic save started (every 30s)
2026-04-17 22:23:48 [INFO] rl_optimizer.q_store: Periodic save started (every 30s)
2026-04-17 22:24:18 [INFO] rl_optimizer.q_store: Periodic save started (every 30s)
2026-04-17 22:24:48 [INFO] rl_optimizer.q_store: Periodic save started (every 30s)
2026-04-17 22:25:18 [INFO] rl_optimizer.q_store: Periodic save started (every 30s)
2026-04-17 22:25:48 [INFO] rl_optimizer.q_store: Periodic save started (every 30s)
2026-04-17 22:26:18 [INFO] rl_optimizer.q_store: Periodic save started (every 30s)
2026-04-17 22:26:48 [INFO] rl_optimizer.q_store: Periodic save started (every 30s)
2026-04-17 22:27:18 [INFO] rl_optimizer.q_store: Periodic save started (every 30s)
2026-04-17 22:27:48 [INFO] rl_optimizer.q_store: Periodic save started (every 30s)
2026-04-17 22:28:18 [INFO] rl_optimizer.q_store: Periodic save started (every 30s)
2026-04-17 22:28:48 [INFO] rl_optimizer.q_store: Periodic save started (every 30s)
2026-04-17 22:29:18 [INFO] rl_optimizer.q_store: Periodic save started (every 30s)
2026-04-17 22:29:48 [INFO] rl_optimizer.q_store: Periodic save started (every 30s)
2026-04-17 22:30:18 [INFO] rl_optimizer.q_store: Periodic save started (every 30s)
2026-04-17 22:30:48 [INFO] rl_optimizer.q_store: Periodic save started (every 30s)
2026-04-17 22:31:18 [INFO] rl_optimizer.q_store: Periodic save started (every 30s)
2026-04-17 22:31:48 [INFO] rl_optimizer.q_store: Periodic save started (every 30s)
2026-04-17 22:32:18 [INFO] rl_optimizer.q_store: Periodic save started (every 30s)
2026-04-17 22:32:48 [INFO] rl_optimizer.q_store: Periodic save started (every 30s)
2026-04-17 22:33:18 [INFO] rl_optimizer.q_store: Periodic save started (every 30s)
2026-04-17 22:33:48 [INFO] rl_optimizer.q_store: Periodic save started (every 30s)
2026-04-17 22:34:18 [INFO] rl_optimizer.q_store: Periodic save started (every 30s)
2026-04-17 22:34:48 [INFO] rl_optimizer.q_store: Periodic save started (every 30s)
2026-04-17 22:35:18 [INFO] rl_optimizer.q_store: Periodic save started (every 30s)
2026-04-17 22:35:48 [INFO] rl_optimizer.q_store: Periodic save started (every 30s)
2026-04-17 22:36:18 [INFO] rl_optimizer.q_store: Periodic save started (every 30s)
2026-04-17 22:36:48 [INFO] rl_optimizer.q_store: Periodic save started (every 30s)
2026-04-17 22:37:18 [INFO] rl_optimizer.q_store: Periodic save started (every 30s)
2026-04-17 22:37:48 [INFO] rl_optimizer.q_store: Periodic save started (every 30s)
2026-04-17 22:38:18 [INFO] rl_optimizer.q_store: Periodic save started (every 30s)
2026-04-17 22:38:48 [INFO] rl_optimizer.q_store: Periodic save started (every 30s)
2026-04-17 22:39:18 [INFO] rl_optimizer.q_store: Periodic save started (every 30s)
2026-04-17 22:39:48 [INFO] rl_optimizer.q_store: Periodic save started (every 30s)
2026-04-17 22:40:18 [INFO] rl_optimizer.q_store: Periodic save started (every 30s)
2026-04-17 22:40:48 [INFO] rl_optimizer.q_store: Periodic save started (every 30s)
2026-04-17 22:41:18 [INFO] rl_optimizer.q_store: Periodic save started (every 30s)
2026-04-17 22:41:48 [INFO] rl_optimizer.q_store: Periodic save started (every 30s)
2026-04-17 22:42:18 [INFO] rl_optimizer.q_store: Periodic save started (every 30s)
2026-04-17 22:42:48 [INFO] rl_optimizer.q_store: Periodic save started (every 30s)
2026-04-17 22:43:18 [INFO] rl_optimizer.q_store: Periodic save started (every 30s)
2026-04-17 22:43:48 [INFO] rl_optimizer.q_store: Periodic save started (every 30s)
2026-04-17 22:44:18 [INFO] rl_optimizer.q_store: Periodic save started (every 30s)
2026-04-17 22:44:48 [INFO] rl_optimizer.q_store: Periodic save started (every 30s)
2026-04-17 22:45:18 [INFO] rl_optimizer.q_store: Periodic save started (every 30s)
2026-04-17 22:45:48 [INFO] rl_optimizer.q_store: Periodic save started (every 30s)
2026-04-17 22:46:18 [INFO] rl_optimizer.q_store: Periodic save started (every 30s)
2026-04-17 22:46:48 [INFO] rl_optimizer.q_store: Periodic save started (every 30s)
2026-04-17 22:47:18 [INFO] rl_optimizer.q_store: Periodic save started (every 30s)
2026-04-17 22:47:48 [INFO] rl_optimizer.q_store: Periodic save started (every 30s)
2026-04-17 22:48:18 [INFO] rl_optimizer.q_store: Periodic save started (every 30s)
2026-04-17 22:48:48 [INFO] rl_optimizer.q_store: Periodic save started (every 30s)
2026-04-17 22:49:18 [INFO] rl_optimizer.q_store: Periodic save started (every 30s)
2026-04-17 22:49:48 [INFO] rl_optimizer.q_store: Periodic save started (every 30s)
2026-04-17 22:50:18 [INFO] rl_optimizer.q_store: Periodic save started (every 30s)
2026-04-17 22:50:48 [INFO] rl_optimizer.q_store: Periodic save started (every 30s)
2026-04-17 22:51:18 [INFO] rl_optimizer.q_store: Periodic save started (every 30s)
2026-04-17 22:51:48 [INFO] rl_optimizer.q_store: Periodic save started (every 30s)
2026-04-17 22:52:18 [INFO] rl_optimizer.q_store: Periodic save started (every 30s)
2026-04-17 22:52:48 [INFO] rl_optimizer.q_store: Periodic save started (every 30s)
2026-04-17 22:53:18 [INFO] rl_optimizer.q_store: Periodic save started (every 30s)
2026-04-17 22:53:48 [INFO] rl_optimizer.q_store: Periodic save started (every 30s)
2026-04-17 22:54:18 [INFO] rl_optimizer.q_store: Periodic save started (every 30s)
2026-04-17 22:54:48 [INFO] rl_optimizer.q_store: Periodic save started (every 30s)
2026-04-17 22:55:18 [INFO] rl_optimizer.q_store: Periodic save started (every 30s)
2026-04-17 22:55:48 [INFO] rl_optimizer.q_store: Periodic save started (every 30s)
2026-04-17 22:56:18 [INFO] rl_optimizer.q_store: Periodic save started (every 30s)
2026-04-17 22:56:48 [INFO] rl_optimizer.q_store: Periodic save started (every 30s)
2026-04-17 22:57:18 [INFO] rl_optimizer.q_store: Periodic save started (every 30s)
2026-04-17 22:57:48 [INFO] rl_optimizer.q_store: Periodic save started (every 30s)
2026-04-17 22:58:18 [INFO] rl_optimizer.q_store: Periodic save started (every 30s)
2026-04-17 22:58:48 [INFO] rl_optimizer.q_store: Periodic save started (every 30s)
2026-04-17 22:59:18 [INFO] rl_optimizer.q_store: Periodic save started (every 30s)
2026-04-17 22:59:48 [INFO] rl_optimizer.q_store: Periodic save started (every 30s)
2026-04-17 23:00:18 [INFO] rl_optimizer.q_store: Periodic save started (every 30s)
2026-04-17 23:00:48 [INFO] rl_optimizer.q_store: Periodic save started (every 30s)
2026-04-17 23:01:18 [INFO] rl_optimizer.q_store: Periodic save started (every 30s)
2026-04-17 23:01:48 [INFO] rl_optimizer.q_store: Periodic save started (every 30s)
2026-04-17 23:02:18 [INFO] rl_optimizer.q_store: Periodic save started (every 30s)
2026-04-17 23:02:48 [INFO] rl_optimizer.q_store: Periodic save started (every 30s)
2026-04-17 23:03:18 [INFO] rl_optimizer.q_store: Periodic save started (every 30s)
2026-04-17 23:03:48 [INFO] rl_optimizer.q_store: Periodic save started (every 30s)
2026-04-17 23:04:18 [INFO] rl_optimizer.q_store: Periodic save started (every 30s)
2026-04-17 23:04:48 [INFO] rl_optimizer.q_store: Periodic save started (every 30s)
2026-04-17 23:05:18 [INFO] rl_optimizer.q_store: Periodic save started (every 30s)
2026-04-17 23:05:48 [INFO] rl_optimizer.q_store: Periodic save started (every 30s)
2026-04-17 23:06:18 [INFO] rl_optimizer.q_store: Periodic save started (every 30s)
2026-04-17 23:06:48 [INFO] rl_optimizer.q_store: Periodic save started (every 30s)
2026-04-17 23:07:18 [INFO] rl_optimizer.q_store: Periodic save started (every 30s)
2026-04-17 23:07:48 [INFO] rl_optimizer.q_store: Periodic save started (every 30s)
2026-04-17 23:08:18 [INFO] rl_optimizer.q_store: Periodic save started (every 30s)
2026-04-17 23:08:48 [INFO] rl_optimizer.q_store: Periodic save started (every 30s)
2026-04-17 23:09:18 [INFO] rl_optimizer.q_store: Periodic save started (every 30s)
2026-04-17 23:09:48 [INFO] rl_optimizer.q_store: Periodic save started (every 30s)
2026-04-17 23:10:18 [INFO] rl_optimizer.q_store: Periodic save started (every 30s)
2026-04-17 23:10:48 [INFO] rl_optimizer.q_store: Periodic save started (every 30s)
2026-04-17 23:11:18 [INFO] rl_optimizer.q_store: Periodic save started (every 30s)
2026-04-17 23:11:48 [INFO] rl_optimizer.q_store: Periodic save started (every 30s)
2026-04-17 23:12:18 [INFO] rl_optimizer.q_store: Periodic save started (every 30s)
2026-04-17 23:12:48 [INFO] rl_optimizer.q_store: Periodic save started (every 30s)
2026-04-17 23:13:18 [INFO] rl_optimizer.q_store: Periodic save started (every 30s)
2026-04-17 23:13:48 [INFO] rl_optimizer.q_store: Periodic save started (every 30s)
2026-04-17 23:14:18 [INFO] rl_optimizer.q_store: Periodic save started (every 30s)
2026-04-17 23:14:48 [INFO] rl_optimizer.q_store: Periodic save started (every 30s)
2026-04-17 23:15:18 [INFO] rl_optimizer.q_store: Periodic save started (every 30s)
2026-04-17 23:15:48 [INFO] rl_optimizer.q_store: Periodic save started (every 30s)
2026-04-17 23:16:18 [INFO] rl_optimizer.q_store: Periodic save started (every 30s)
2026-04-17 23:16:48 [INFO] rl_optimizer.q_store: Periodic save started (every 30s)
2026-04-17 23:17:18 [INFO] rl_optimizer.q_store: Periodic save started (every 30s)
2026-04-17 23:17:48 [INFO] rl_optimizer.q_store: Periodic save started (every 30s)
2026-04-17 23:18:18 [INFO] rl_optimizer.q_store: Periodic save started (every 30s)
2026-04-17 23:18:48 [INFO] rl_optimizer.q_store: Periodic save started (every 30s)
2026-04-17 23:19:18 [INFO] rl_optimizer.q_store: Periodic save started (every 30s)
2026-04-17 23:19:48 [INFO] rl_optimizer.q_store: Periodic save started (every 30s)
2026-04-17 23:20:18 [INFO] rl_optimizer.q_store: Periodic save started (every 30s)
2026-04-17 23:20:48 [INFO] rl_optimizer.q_store: Periodic save started (every 30s)
2026-04-17 23:21:18 [INFO] rl_optimizer.q_store: Periodic save started (every 30s)
2026-04-17 23:21:48 [INFO] rl_optimizer.q_store: Periodic save started (every 30s)
2026-04-17 23:22:18 [INFO] rl_optimizer.q_store: Periodic save started (every 30s)
2026-04-17 23:22:48 [INFO] rl_optimizer.q_store: Periodic save started (every 30s)
2026-04-17 23:23:18 [INFO] rl_optimizer.q_store: Periodic save started (every 30s)
2026-04-17 23:23:48 [INFO] rl_optimizer.q_store: Periodic save started (every 30s)
2026-04-17 23:24:18 [INFO] rl_optimizer.q_store: Periodic save started (every 30s)
2026-04-17 23:24:48 [INFO] rl_optimizer.q_store: Periodic save started (every 30s)
2026-04-17 23:25:18 [INFO] rl_optimizer.q_store: Periodic save started (every 30s)
2026-04-17 23:25:48 [INFO] rl_optimizer.q_store: Periodic save started (every 30s)
2026-04-17 23:26:18 [INFO] rl_optimizer.q_store: Periodic save started (every 30s)
2026-04-17 23:26:48 [INFO] rl_optimizer.q_store: Periodic save started (every 30s)
2026-04-17 23:27:18 [INFO] rl_optimizer.q_store: Periodic save started (every 30s)
2026-04-17 23:27:48 [INFO] rl_optimizer.q_store: Periodic save started (every 30s)
2026-04-17 23:28:18 [INFO] rl_optimizer.q_store: Periodic save started (every 30s)
2026-04-17 23:28:48 [INFO] rl_optimizer.q_store: Periodic save started (every 30s)
2026-04-17 23:29:18 [INFO] rl_optimizer.q_store: Periodic save started (every 30s)
2026-04-17 23:29:48 [INFO] rl_optimizer.q_store: Periodic save started (every 30s)
2026-04-17 23:30:18 [INFO] rl_optimizer.q_store: Periodic save started (every 30s)
2026-04-17 23:30:48 [INFO] rl_optimizer.q_store: Periodic save started (every 30s)
2026-04-17 23:31:18 [INFO] rl_optimizer.q_store: Periodic save started (every 30s)
2026-04-17 23:31:48 [INFO] rl_optimizer.q_store: Periodic save started (every 30s)
2026-04-17 23:32:18 [INFO] rl_optimizer.q_store: Periodic save started (every 30s)
2026-04-17 23:32:48 [INFO] rl_optimizer.q_store: Periodic save started (every 30s)
2026-04-17 23:33:18 [INFO] rl_optimizer.q_store: Periodic save started (every 30s)
2026-04-17 23:33:48 [INFO] rl_optimizer.q_store: Periodic save started (every 30s)
2026-04-17 23:34:18 [INFO] rl_optimizer.q_store: Periodic save started (every 30s)
2026-04-17 23:34:48 [INFO] rl_optimizer.q_store: Periodic save started (every 30s)
2026-04-17 23:35:18 [INFO] rl_optimizer.q_store: Periodic save started (every 30s)
2026-04-17 23:35:48 [INFO] rl_optimizer.q_store: Periodic save started (every 30s)
2026-04-17 23:36:18 [INFO] rl_optimizer.q_store: Periodic save started (every 30s)
2026-04-17 23:36:48 [INFO] rl_optimizer.q_store: Periodic save started (every 30s)
2026-04-17 23:37:18 [INFO] rl_optimizer.q_store: Periodic save started (every 30s)
2026-04-17 23:37:48 [INFO] rl_optimizer.q_store: Periodic save started (every 30s)
2026-04-17 23:38:18 [INFO] rl_optimizer.q_store: Periodic save started (every 30s)
2026-04-17 23:38:48 [INFO] rl_optimizer.q_store: Periodic save started (every 30s)
2026-04-17 23:39:18 [INFO] rl_optimizer.q_store: Periodic save started (every 30s)
2026-04-17 23:39:48 [INFO] rl_optimizer.q_store: Periodic save started (every 30s)
2026-04-17 23:40:18 [INFO] rl_optimizer.q_store: Periodic save started (every 30s)
2026-04-17 23:40:48 [INFO] rl_optimizer.q_store: Periodic save started (every 30s)
2026-04-17 23:41:18 [INFO] rl_optimizer.q_store: Periodic save started (every 30s)
2026-04-17 23:41:48 [INFO] rl_optimizer.q_store: Periodic save started (every 30s)
2026-04-17 23:42:18 [INFO] rl_optimizer.q_store: Periodic save started (every 30s)
2026-04-17 23:42:48 [INFO] rl_optimizer.q_store: Periodic save started (every 30s)
2026-04-17 23:43:18 [INFO] rl_optimizer.q_store: Periodic save started (every 30s)
2026-04-17 23:43:48 [INFO] rl_optimizer.q_store: Periodic save started (every 30s)
2026-04-17 23:44:18 [INFO] rl_optimizer.q_store: Periodic save started (every 30s)
2026-04-17 23:44:48 [INFO] rl_optimizer.q_store: Periodic save started (every 30s)
2026-04-17 23:45:18 [INFO] rl_optimizer.q_store: Periodic save started (every 30s)
2026-04-17 23:45:48 [INFO] rl_optimizer.q_store: Periodic save started (every 30s)
2026-04-17 23:46:18 [INFO] rl_optimizer.q_store: Periodic save started (every 30s)
2026-04-17 23:46:48 [INFO] rl_optimizer.q_store: Periodic save started (every 30s)
2026-04-17 23:47:18 [INFO] rl_optimizer.q_store: Periodic save started (every 30s)
2026-04-17 23:47:48 [INFO] rl_optimizer.q_store: Periodic save started (every 30s)
2026-04-17 23:48:18 [INFO] rl_optimizer.q_store: Periodic save started (every 30s)
2026-04-17 23:48:48 [INFO] rl_optimizer.q_store: Periodic save started (every 30s)
2026-04-17 23:49:18 [INFO] rl_optimizer.q_store: Periodic save started (every 30s)
2026-04-17 23:49:48 [INFO] rl_optimizer.q_store: Periodic save started (every 30s)
2026-04-18 04:29:30 [INFO] rl_optimizer.q_store: Periodic save started (every 30s)
2026-04-18 04:30:00 [INFO] rl_optimizer.q_store: Periodic save started (every 30s)
2026-04-18 04:30:30 [INFO] rl_optimizer.q_store: Periodic save started (every 30s)
2026-04-18 04:31:00 [INFO] rl_optimizer.q_store: Periodic save started (every 30s)
2026-04-18 04:31:30 [INFO] rl_optimizer.q_store: Periodic save started (every 30s)
2026-04-18 04:32:00 [INFO] rl_optimizer.q_store: Periodic save started (every 30s)
2026-04-18 04:32:30 [INFO] rl_optimizer.q_store: Periodic save started (every 30s)
2026-04-18 04:33:00 [INFO] rl_optimizer.q_store: Periodic save started (every 30s)
2026-04-18 04:33:30 [INFO] rl_optimizer.q_store: Periodic save started (every 30s)
2026-04-18 04:34:00 [INFO] rl_optimizer.q_store: Periodic save started (every 30s)
2026-04-18 04:34:30 [INFO] rl_optimizer.q_store: Periodic save started (every 30s)
2026-04-18 04:35:00 [INFO] rl_optimizer.q_store: Periodic save started (every 30s)
2026-04-18 04:35:30 [INFO] rl_optimizer.q_store: Periodic save started (every 30s)
2026-04-18 04:36:00 [INFO] rl_optimizer.q_store: Periodic save started (every 30s)
2026-04-18 04:36:30 [INFO] rl_optimizer.q_store: Periodic save started (every 30s)
2026-04-18 04:37:00 [INFO] rl_optimizer.q_store: Periodic save started (every 30s)
2026-04-18 04:37:30 [INFO] rl_optimizer.q_store: Periodic save started (every 30s)
2026-04-18 04:38:00 [INFO] rl_optimizer.q_store: Periodic save started (every 30s)
2026-04-18 04:38:30 [INFO] rl_optimizer.q_store: Periodic save started (every 30s)
2026-04-18 04:39:00 [INFO] rl_optimizer.q_store: Periodic save started (every 30s)
2026-04-18 04:39:30 [INFO] rl_optimizer.q_store: Periodic save started (every 30s)
2026-04-18 04:40:00 [INFO] rl_optimizer.q_store: Periodic save started (every 30s)
2026-04-18 04:40:30 [INFO] rl_optimizer.q_store: Periodic save started (every 30s)
2026-04-18 04:41:00 [INFO] rl_optimizer.q_store: Periodic save started (every 30s)
2026-04-18 04:41:30 [INFO] rl_optimizer.q_store: Periodic save started (every 30s)
2026-04-18 04:42:00 [INFO] rl_optimizer.q_store: Periodic save started (every 30s)
2026-04-18 04:42:30 [INFO] rl_optimizer.q_store: Periodic save started (every 30s)
2026-04-18 04:43:00 [INFO] rl_optimizer.q_store: Periodic save started (every 30s)
2026-04-18 04:43:30 [INFO] rl_optimizer.q_store: Periodic save started (every 30s)
2026-04-18 04:44:00 [INFO] rl_optimizer.q_store: Periodic save started (every 30s)
2026-04-18 04:44:30 [INFO] rl_optimizer.q_store: Periodic save started (every 30s)
2026-04-18 04:45:00 [INFO] rl_optimizer.q_store: Periodic save started (every 30s)
2026-04-18 04:45:30 [INFO] rl_optimizer.q_store: Periodic save started (every 30s)
2026-04-18 04:46:00 [INFO] rl_optimizer.q_store: Periodic save started (every 30s)
2026-04-18 04:46:30 [INFO] rl_optimizer.q_store: Periodic save started (every 30s)
2026-04-18 04:47:00 [INFO] rl_optimizer.q_store: Periodic save started (every 30s)
2026-04-18 04:47:30 [INFO] rl_optimizer.q_store: Periodic save started (every 30s)
2026-04-18 04:48:00 [INFO] rl_optimizer.q_store: Periodic save started (every 30s)
2026-04-18 04:48:30 [INFO] rl_optimizer.q_store: Periodic save started (every 30s)
2026-04-18 04:49:00 [INFO] rl_optimizer.q_store: Periodic save started (every 30s)
2026-04-18 04:49:30 [INFO] rl_optimizer.q_store: Periodic save started (every 30s)
2026-04-18 04:50:00 [INFO] rl_optimizer.q_store: Periodic save started (every 30s)
2026-04-18 05:00:05 [INFO] rl_optimizer.q_store: Periodic save started (every 30s)
2026-04-18 05:00:35 [INFO] rl_optimizer.q_store: Periodic save started (every 30s)
2026-04-18 05:01:05 [INFO] rl_optimizer.q_store: Periodic save started (every 30s)
2026-04-18 05:01:35 [INFO] rl_optimizer.q_store: Periodic save started (every 30s)
2026-04-18 05:02:05 [INFO] rl_optimizer.q_store: Periodic save started (every 30s)
2026-04-18 05:02:35 [INFO] rl_optimizer.q_store: Periodic save started (every 30s)
2026-04-18 05:03:05 [INFO] rl_optimizer.q_store: Periodic save started (every 30s)
2026-04-18 05:03:35 [INFO] rl_optimizer.q_store: Periodic save started (every 30s)
2026-04-18 05:04:05 [INFO] rl_optimizer.q_store: Periodic save started (every 30s)
2026-04-18 05:04:35 [INFO] rl_optimizer.q_store: Periodic save started (every 30s)
2026-04-18 05:05:05 [INFO] rl_optimizer.q_store: Periodic save started (every 30s)
2026-04-18 05:05:35 [INFO] rl_optimizer.q_store: Periodic save started (every 30s)
2026-04-18 05:06:05 [INFO] rl_optimizer.q_store: Periodic save started (every 30s)
2026-04-18 05:06:35 [INFO] rl_optimizer.q_store: Periodic save started (every 30s)
2026-04-18 05:07:05 [INFO] rl_optimizer.q_store: Periodic save started (every 30s)
2026-04-18 05:07:35 [INFO] rl_optimizer.q_store: Periodic save started (every 30s)
2026-04-18 05:08:05 [INFO] rl_optimizer.q_store: Periodic save started (every 30s)
2026-04-18 05:08:35 [INFO] rl_optimizer.q_store: Periodic save started (every 30s)
2026-04-18 05:09:05 [INFO] rl_optimizer.q_store: Periodic save started (every 30s)
2026-04-18 05:09:35 [INFO] rl_optimizer.q_store: Periodic save started (every 30s)
2026-04-18 05:10:05 [INFO] rl_optimizer.q_store: Periodic save started (every 30s)
2026-04-18 05:10:35 [INFO] rl_optimizer.q_store: Periodic save started (every 30s)
2026-04-18 05:11:05 [INFO] rl_optimizer.q_store: Periodic save started (every 30s)
2026-04-18 05:11:35 [INFO] rl_optimizer.q_store: Periodic save started (every 30s)
2026-04-18 05:12:05 [INFO] rl_optimizer.q_store: Periodic save started (every 30s)
2026-04-18 05:12:35 [INFO] rl_optimizer.q_store: Periodic save started (every 30s)
2026-04-18 05:13:05 [INFO] rl_optimizer.q_store: Periodic save started (every 30s)
2026-04-18 05:13:35 [INFO] rl_optimizer.q_store: Periodic save started (every 30s)
2026-04-18 05:14:05 [INFO] rl_optimizer.q_store: Periodic save started (every 30s)
2026-04-18 05:14:35 [INFO] rl_optimizer.q_store: Periodic save started (every 30s)
2026-04-18 05:15:05 [INFO] rl_optimizer.q_store: Periodic save started (every 30s)
2026-04-18 05:15:35 [INFO] rl_optimizer.q_store: Periodic save started (every 30s)
2026-04-18 05:16:05 [INFO] rl_optimizer.q_store: Periodic save started (every 30s)
2026-04-18 05:16:35 [INFO] rl_optimizer.q_store: Periodic save started (every 30s)
2026-04-18 05:17:05 [INFO] rl_optimizer.q_store: Periodic save started (every 30s)
2026-04-18 05:17:35 [INFO] rl_optimizer.q_store: Periodic save started (every 30s)
2026-04-18 05:18:05 [INFO] rl_optimizer.q_store: Periodic save started (every 30s)
2026-04-18 05:18:35 [INFO] rl_optimizer.q_store: Periodic save started (every 30s)
2026-04-18 05:19:05 [INFO] rl_optimizer.q_store: Periodic save started (every 30s)
2026-04-18 05:19:35 [INFO] rl_optimizer.q_store: Periodic save started (every 30s)
2026-04-18 05:20:05 [INFO] rl_optimizer.q_store: Periodic save started (every 30s)
2026-04-18 05:20:35 [INFO] rl_optimizer.q_store: Periodic save started (every 30s)
2026-04-18 05:21:05 [INFO] rl_optimizer.q_store: Periodic save started (every 30s)
2026-04-18 05:21:35 [INFO] rl_optimizer.q_store: Periodic save started (every 30s)
2026-04-18 05:22:05 [INFO] rl_optimizer.q_store: Periodic save started (every 30s)
2026-04-18 05:22:35 [INFO] rl_optimizer.q_store: Periodic save started (every 30s)
2026-04-18 05:23:05 [INFO] rl_optimizer.q_store: Periodic save started (every 30s)
2026-04-18 05:23:35 [INFO] rl_optimizer.q_store: Periodic save started (every 30s)
2026-04-18 05:24:05 [INFO] rl_optimizer.q_store: Periodic save started (every 30s)
2026-04-18 05:24:35 [INFO] rl_optimizer.q_store: Periodic save started (every 30s)
2026-04-18 05:25:05 [INFO] rl_optimizer.q_store: Periodic save started (every 30s)
2026-04-18 05:25:35 [INFO] rl_optimizer.q_store: Periodic save started (every 30s)
2026-04-18 05:26:05 [INFO] rl_optimizer.q_store: Periodic save started (every 30s)
2026-04-18 05:26:35 [INFO] rl_optimizer.q_store: Periodic save started (every 30s)
2026-04-18 05:27:05 [INFO] rl_optimizer.q_store: Periodic save started (every 30s)
2026-04-18 05:27:35 [INFO] rl_optimizer.q_store: Periodic save started (every 30s)
2026-04-18 05:28:05 [INFO] rl_optimizer.q_store: Periodic save started (every 30s)
2026-04-18 05:28:35 [INFO] rl_optimizer.q_store: Periodic save started (every 30s)
2026-04-18 05:29:05 [INFO] rl_optimizer.q_store: Periodic save started (every 30s)
2026-04-18 05:29:35 [INFO] rl_optimizer.q_store: Periodic save started (every 30s)
2026-04-18 05:30:05 [INFO] rl_optimizer.q_store: Periodic save started (every 30s)
2026-04-18 05:30:35 [INFO] rl_optimizer.q_store: Periodic save started (every 30s)
2026-04-18 05:31:05 [INFO] rl_optimizer.q_store: Periodic save started (every 30s)
2026-04-18 05:31:35 [INFO] rl_optimizer.q_store: Periodic save started (every 30s)
2026-04-18 05:32:05 [INFO] rl_optimizer.q_store: Periodic save started (every 30s)
2026-04-18 05:32:35 [INFO] rl_optimizer.q_store: Periodic save started (every 30s)
2026-04-18 05:33:05 [INFO] rl_optimizer.q_store: Periodic save started (every 30s)
2026-04-18 05:33:35 [INFO] rl_optimizer.q_store: Periodic save started (every 30s)
2026-04-18 05:34:05 [INFO] rl_optimizer.q_store: Periodic save started (every 30s)
2026-04-18 05:34:35 [INFO] rl_optimizer.q_store: Periodic save started (every 30s)
2026-04-18 05:35:05 [INFO] rl_optimizer.q_store: Periodic save started (every 30s)
2026-04-18 05:35:35 [INFO] rl_optimizer.q_store: Periodic save started (every 30s)
2026-04-18 05:36:05 [INFO] rl_optimizer.q_store: Periodic save started (every 30s)
2026-04-18 05:36:35 [INFO] rl_optimizer.q_store: Periodic save started (every 30s)
2026-04-18 05:37:05 [INFO] rl_optimizer.q_store: Periodic save started (every 30s)
2026-04-18 05:37:35 [INFO] rl_optimizer.q_store: Periodic save started (every 30s)
2026-04-18 05:38:05 [INFO] rl_optimizer.q_store: Periodic save started (every 30s)
2026-04-18 05:38:35 [INFO] rl_optimizer.q_store: Periodic save started (every 30s)
2026-04-18 05:39:05 [INFO] rl_optimizer.q_store: Periodic save started (every 30s)
2026-04-18 05:39:35 [INFO] rl_optimizer.q_store: Periodic save started (every 30s)
2026-04-18 05:40:05 [INFO] rl_optimizer.q_store: Periodic save started (every 30s)
2026-04-18 05:40:35 [INFO] rl_optimizer.q_store: Periodic save started (every 30s)
2026-04-18 05:41:05 [INFO] rl_optimizer.q_store: Periodic save started (every 30s)
2026-04-18 05:41:35 [INFO] rl_optimizer.q_store: Periodic save started (every 30s)
2026-04-18 05:42:05 [INFO] rl_optimizer.q_store: Periodic save started (every 30s)
2026-04-18 05:42:35 [INFO] rl_optimizer.q_store: Periodic save started (every 30s)
2026-04-18 05:43:05 [INFO] rl_optimizer.q_store: Periodic save started (every 30s)
2026-04-18 05:43:35 [INFO] rl_optimizer.q_store: Periodic save started (every 30s)
2026-04-18 05:44:05 [INFO] rl_optimizer.q_store: Periodic save started (every 30s)
2026-04-18 05:44:35 [INFO] rl_optimizer.q_store: Periodic save started (every 30s)
2026-04-18 05:45:05 [INFO] rl_optimizer.q_store: Periodic save started (every 30s)
2026-04-18 05:45:35 [INFO] rl_optimizer.q_store: Periodic save started (every 30s)
2026-04-18 05:46:05 [INFO] rl_optimizer.q_store: Periodic save started (every 30s)
2026-04-18 05:46:35 [INFO] rl_optimizer.q_store: Periodic save started (every 30s)
2026-04-18 05:47:05 [INFO] rl_optimizer.q_store: Periodic save started (every 30s)
2026-04-18 05:47:35 [INFO] rl_optimizer.q_store: Periodic save started (every 30s)
2026-04-18 05:48:05 [INFO] rl_optimizer.q_store: Periodic save started (every 30s)
2026-04-18 05:48:35 [INFO] rl_optimizer.q_store: Periodic save started (every 30s)
2026-04-18 05:49:05 [INFO] rl_optimizer.q_store: Periodic save started (every 30s)
2026-04-18 05:49:35 [INFO] rl_optimizer.q_store: Periodic save started (every 30s)
2026-04-18 05:50:05 [INFO] rl_optimizer.q_store: Periodic save started (every 30s)
2026-04-18 05:50:35 [INFO] rl_optimizer.q_store: Periodic save started (every 30s)
2026-04-18 05:51:05 [INFO] rl_optimizer.q_store: Periodic save started (every 30s)
2026-04-18 05:51:35 [INFO] rl_optimizer.q_store: Periodic save started (every 30s)
2026-04-18 14:21:08 [INFO] rl_optimizer.q_store: Periodic save started (every 30s)
2026-04-18 14:21:38 [INFO] rl_optimizer.q_store: Periodic save started (every 30s)
2026-04-18 16:10:26 [INFO] rl_optimizer.q_store: Periodic save started (every 30s)
2026-04-18 16:10:56 [INFO] rl_optimizer.q_store: Periodic save started (every 30s)
2026-04-18 16:11:26 [INFO] rl_optimizer.q_store: Periodic save started (every 30s)
2026-04-18 16:11:56 [INFO] rl_optimizer.q_store: Periodic save started (every 30s)
2026-04-18 16:12:26 [INFO] rl_optimizer.q_store: Periodic save started (every 30s)
2026-04-18 16:12:56 [INFO] rl_optimizer.q_store: Periodic save started (every 30s)
2026-04-18 16:13:26 [INFO] rl_optimizer.q_store: Periodic save started (every 30s)
2026-04-18 16:13:56 [INFO] rl_optimizer.q_store: Periodic save started (every 30s)
2026-04-18 16:14:26 [INFO] rl_optimizer.q_store: Periodic save started (every 30s)
2026-04-18 16:14:56 [INFO] rl_optimizer.q_store: Periodic save started (every 30s)
2026-04-18 16:15:26 [INFO] rl_optimizer.q_store: Periodic save started (every 30s)
2026-04-18 16:15:56 [INFO] rl_optimizer.q_store: Periodic save started (every 30s)
2026-04-18 16:16:26 [INFO] rl_optimizer.q_store: Periodic save started (every 30s)
2026-04-18 16:16:56 [INFO] rl_optimizer.q_store: Periodic save started (every 30s)
2026-04-18 16:17:26 [INFO] rl_optimizer.q_store: Periodic save started (every 30s)
2026-04-18 16:17:56 [INFO] rl_optimizer.q_store: Periodic save started (every 30s)
2026-04-18 16:18:26 [INFO] rl_optimizer.q_store: Periodic save started (every 30s)
2026-04-18 16:18:56 [INFO] rl_optimizer.q_store: Periodic save started (every 30s)
2026-04-18 16:19:26 [INFO] rl_optimizer.q_store: Periodic save started (every 30s)
2026-04-18 16:19:56 [INFO] rl_optimizer.q_store: Periodic save started (every 30s)
2026-04-18 16:20:26 [INFO] rl_optimizer.q_store: Periodic save started (every 30s)
2026-04-18 16:20:56 [INFO] rl_optimizer.q_store: Periodic save started (every 30s)
2026-04-18 20:45:44 [INFO] rl_optimizer.q_store: Periodic save started (every 30s)
2026-04-18 20:46:14 [INFO] rl_optimizer.q_store: Periodic save started (every 30s)
2026-04-18 20:46:44 [INFO] rl_optimizer.q_store: Periodic save started (every 30s)
2026-04-18 20:47:14 [INFO] rl_optimizer.q_store: Periodic save started (every 30s)
2026-04-18 20:47:44 [INFO] rl_optimizer.q_store: Periodic save started (every 30s)
2026-04-18 20:48:14 [INFO] rl_optimizer.q_store: Periodic save started (every 30s)
2026-04-18 20:48:44 [INFO] rl_optimizer.q_store: Periodic save started (every 30s)
2026-04-18 20:49:14 [INFO] rl_optimizer.q_store: Periodic save started (every 30s)
2026-04-18 20:49:44 [INFO] rl_optimizer.q_store: Periodic save started (every 30s)
2026-04-18 20:50:14 [INFO] rl_optimizer.q_store: Periodic save started (every 30s)
2026-04-18 20:50:44 [INFO] rl_optimizer.q_store: Periodic save started (every 30s)
2026-04-18 20:51:14 [INFO] rl_optimizer.q_store: Periodic save started (every 30s)
2026-04-18 20:51:44 [INFO] rl_optimizer.q_store: Periodic save started (every 30s)
2026-04-18 20:52:14 [INFO] rl_optimizer.q_store: Periodic save started (every 30s)
2026-04-18 20:52:44 [INFO] rl_optimizer.q_store: Periodic save started (every 30s)
2026-04-18 20:53:14 [INFO] rl_optimizer.q_store: Periodic save started (every 30s)
2026-04-18 20:53:44 [INFO] rl_optimizer.q_store: Periodic save started (every 30s)
2026-04-18 20:54:14 [INFO] rl_optimizer.q_store: Periodic save started (every 30s)
2026-04-18 20:54:44 [INFO] rl_optimizer.q_store: Periodic save started (every 30s)
2026-04-18 20:55:14 [INFO] rl_optimizer.q_store: Periodic save started (every 30s)
2026-04-18 20:55:44 [INFO] rl_optimizer.q_store: Periodic save started (every 30s)
2026-04-18 20:56:14 [INFO] rl_optimizer.q_store: Periodic save started (every 30s)
2026-04-18 20:56:44 [INFO] rl_optimizer.q_store: Periodic save started (every 30s)
2026-04-18 20:57:14 [INFO] rl_optimizer.q_store: Periodic save started (every 30s)
2026-04-18 20:57:44 [INFO] rl_optimizer.q_store: Periodic save started (every 30s)
2026-04-18 20:58:14 [INFO] rl_optimizer.q_store: Periodic save started (every 30s)
2026-04-18 20:58:44 [INFO] rl_optimizer.q_store: Periodic save started (every 30s)
2026-04-18 20:59:14 [INFO] rl_optimizer.q_store: Periodic save started (every 30s)
2026-04-18 20:59:44 [INFO] rl_optimizer.q_store: Periodic save started (every 30s)
2026-04-18 21:00:14 [INFO] rl_optimizer.q_store: Periodic save started (every 30s)
2026-04-18 21:00:44 [INFO] rl_optimizer.q_store: Periodic save started (every 30s)
2026-04-18 21:01:14 [INFO] rl_optimizer.q_store: Periodic save started (every 30s)
2026-04-18 21:01:44 [INFO] rl_optimizer.q_store: Periodic save started (every 30s)
2026-04-18 21:02:14 [INFO] rl_optimizer.q_store: Periodic save started (every 30s)
2026-04-18 21:02:44 [INFO] rl_optimizer.q_store: Periodic save started (every 30s)
2026-04-18 21:03:14 [INFO] rl_optimizer.q_store: Periodic save started (every 30s)
2026-04-18 21:03:44 [INFO] rl_optimizer.q_store: Periodic save started (every 30s)
2026-04-18 21:04:14 [INFO] rl_optimizer.q_store: Periodic save started (every 30s)
2026-04-18 21:04:44 [INFO] rl_optimizer.q_store: Periodic save started (every 30s)
2026-04-18 21:05:14 [INFO] rl_optimizer.q_store: Periodic save started (every 30s)
2026-04-18 21:05:44 [INFO] rl_optimizer.q_store: Periodic save started (every 30s)
2026-04-18 21:06:14 [INFO] rl_optimizer.q_store: Periodic save started (every 30s)
2026-04-18 21:06:44 [INFO] rl_optimizer.q_store: Periodic save started (every 30s)
2026-04-18 21:07:14 [INFO] rl_optimizer.q_store: Periodic save started (every 30s)
2026-04-18 21:07:44 [INFO] rl_optimizer.q_store: Periodic save started (every 30s)
2026-04-18 21:57:06 [INFO] rl_optimizer.q_store: Periodic save started (every 30s)
2026-04-18 21:57:36 [INFO] rl_optimizer.q_store: Periodic save started (every 30s)
2026-04-18 21:58:06 [INFO] rl_optimizer.q_store: Periodic save started (every 30s)
2026-04-18 21:58:36 [INFO] rl_optimizer.q_store: Periodic save started (every 30s)
2026-04-18 21:59:06 [INFO] rl_optimizer.q_store: Periodic save started (every 30s)
2026-04-18 21:59:36 [INFO] rl_optimizer.q_store: Periodic save started (every 30s)
2026-04-18 22:00:06 [INFO] rl_optimizer.q_store: Periodic save started (every 30s)
2026-04-18 22:00:36 [INFO] rl_optimizer.q_store: Periodic save started (every 30s)
2026-04-18 22:01:06 [INFO] rl_optimizer.q_store: Periodic save started (every 30s)
2026-04-18 22:01:36 [INFO] rl_optimizer.q_store: Periodic save started (every 30s)
2026-04-18 22:02:06 [INFO] rl_optimizer.q_store: Periodic save started (every 30s)
2026-04-18 22:02:36 [INFO] rl_optimizer.q_store: Periodic save started (every 30s)
2026-04-18 22:03:06 [INFO] rl_optimizer.q_store: Periodic save started (every 30s)
2026-04-18 22:03:36 [INFO] rl_optimizer.q_store: Periodic save started (every 30s)
2026-04-18 22:04:06 [INFO] rl_optimizer.q_store: Periodic save started (every 30s)
2026-04-18 22:04:36 [INFO] rl_optimizer.q_store: Periodic save started (every 30s)
2026-04-18 22:05:06 [INFO] rl_optimizer.q_store: Periodic save started (every 30s)
2026-04-18 22:05:36 [INFO] rl_optimizer.q_store: Periodic save started (every 30s)
2026-04-18 22:06:06 [INFO] rl_optimizer.q_store: Periodic save started (every 30s)
2026-04-18 22:06:36 [INFO] rl_optimizer.q_store: Periodic save started (every 30s)
2026-04-18 22:07:06 [INFO] rl_optimizer.q_store: Periodic save started (every 30s)
2026-04-18 22:07:36 [INFO] rl_optimizer.q_store: Periodic save started (every 30s)
2026-04-18 22:08:06 [INFO] rl_optimizer.q_store: Periodic save started (every 30s)
2026-04-18 22:08:36 [INFO] rl_optimizer.q_store: Periodic save started (every 30s)
2026-04-18 22:09:06 [INFO] rl_optimizer.q_store: Periodic save started (every 30s)
2026-04-18 22:09:36 [INFO] rl_optimizer.q_store: Periodic save started (every 30s)
2026-04-18 22:10:06 [INFO] rl_optimizer.q_store: Periodic save started (every 30s)
2026-04-18 22:10:36 [INFO] rl_optimizer.q_store: Periodic save started (every 30s)
2026-04-18 22:11:06 [INFO] rl_optimizer.q_store: Periodic save started (every 30s)
2026-04-18 22:11:36 [INFO] rl_optimizer.q_store: Periodic save started (every 30s)
2026-04-18 22:12:06 [INFO] rl_optimizer.q_store: Periodic save started (every 30s)
2026-04-18 22:12:36 [INFO] rl_optimizer.q_store: Periodic save started (every 30s)
2026-04-18 22:13:06 [INFO] rl_optimizer.q_store: Periodic save started (every 30s)
